# JRE version: Java(TM) SE Runtime Environment (8.0_60-b27) (build 1.8.0_60-b27)
# Java VM: Java HotSpot(TM) 64-Bit Server VM (25.60-b23 mixed mode windows-amd64 compressed oops)
Heap:
 PSYoungGen      total 222208K, used 33495K [0x00000000eab00000, 0x00000000fb380000, 0x0000000100000000)
  eden space 219648K, 15% used [0x00000000eab00000,0x00000000ecbb5d40,0x00000000f8180000)
  from space 2560K, 0% used [0x00000000f8180000,0x00000000f8180000,0x00000000f8400000)
  to   space 25600K, 0% used [0x00000000f9a80000,0x00000000f9a80000,0x00000000fb380000)
 ParOldGen       total 105984K, used 30048K [0x00000000c0000000, 0x00000000c6780000, 0x00000000eab00000)
  object space 105984K, 28% used [0x00000000c0000000,0x00000000c1d58118,0x00000000c6780000)
 Metaspace       used 55546K, capacity 58492K, committed 61824K, reserved 1101824K
  class space    used 7007K, capacity 7913K, committed 9088K, reserved 1048576K
GC Heap History (10 events):
Event: 10114.899 GC heap before
{Heap before GC invocations=52 (full 17):
 PSYoungGen      total 231424K, used 17136K [0x00000000eab00000, 0x00000000fb580000, 0x0000000100000000)
  eden space 206336K, 0% used [0x00000000eab00000,0x00000000eab00000,0x00000000f7480000)
  from space 25088K, 68% used [0x00000000f7480000,0x00000000f853c030,0x00000000f8d00000)
  to   space 26624K, 0% used [0x00000000f9b80000,0x00000000f9b80000,0x00000000fb580000)
 ParOldGen       total 105984K, used 29573K [0x00000000c0000000, 0x00000000c6780000, 0x00000000eab00000)
  object space 105984K, 27% used [0x00000000c0000000,0x00000000c1ce14e0,0x00000000c6780000)
 Metaspace       used 56027K, capacity 59568K, committed 61440K, reserved 1101824K
  class space    used 7322K, capacity 8522K, committed 8960K, reserved 1048576K
Event: 10115.714 GC heap after
Heap after GC invocations=52 (full 17):
 PSYoungGen      total 231424K, used 0K [0x00000000eab00000, 0x00000000fb580000, 0x0000000100000000)
  eden space 206336K, 0% used [0x00000000eab00000,0x00000000eab00000,0x00000000f7480000)
  from space 25088K, 0% used [0x00000000f7480000,0x00000000f7480000,0x00000000f8d00000)
  to   space 26624K, 0% used [0x00000000f9b80000,0x00000000f9b80000,0x00000000fb580000)
 ParOldGen       total 105984K, used 45142K [0x00000000c0000000, 0x00000000c6780000, 0x00000000eab00000)
  object space 105984K, 42% used [0x00000000c0000000,0x00000000c2c15848,0x00000000c6780000)
 Metaspace       used 56027K, capacity 59568K, committed 61440K, reserved 1101824K
  class space    used 7322K, capacity 8522K, committed 8960K, reserved 1048576K
}
Event: 10627.938 GC heap before
{Heap before GC invocations=53 (full 17):
 PSYoungGen      total 231424K, used 137460K [0x00000000eab00000, 0x00000000fb580000, 0x0000000100000000)
  eden space 206336K, 66% used [0x00000000eab00000,0x00000000f313d158,0x00000000f7480000)
  from space 25088K, 0% used [0x00000000f7480000,0x00000000f7480000,0x00000000f8d00000)
  to   space 26624K, 0% used [0x00000000f9b80000,0x00000000f9b80000,0x00000000fb580000)
 ParOldGen       total 105984K, used 45142K [0x00000000c0000000, 0x00000000c6780000, 0x00000000eab00000)
  object space 105984K, 42% used [0x00000000c0000000,0x00000000c2c15848,0x00000000c6780000)
 Metaspace       used 56362K, capacity 60200K, committed 61440K, reserved 1101824K
  class space    used 7375K, capacity 8661K, committed 8960K, reserved 1048576K
Event: 10627.949 GC heap after
Heap after GC invocations=53 (full 17):
 PSYoungGen      total 245248K, used 1711K [0x00000000eab00000, 0x00000000fb480000, 0x0000000100000000)
  eden space 219648K, 0% used [0x00000000eab00000,0x00000000eab00000,0x00000000f8180000)
  from space 25600K, 6% used [0x00000000f9b80000,0x00000000f9d2bc60,0x00000000fb480000)
  to   space 26112K, 0% used [0x00000000f8180000,0x00000000f8180000,0x00000000f9b00000)
 ParOldGen       total 105984K, used 45150K [0x00000000c0000000, 0x00000000c6780000, 0x00000000eab00000)
  object space 105984K, 42% used [0x00000000c0000000,0x00000000c2c17848,0x00000000c6780000)
 Metaspace       used 56362K, capacity 60200K, committed 61440K, reserved 1101824K
  class space    used 7375K, capacity 8661K, committed 8960K, reserved 1048576K
}
Event: 10627.949 GC heap before
{Heap before GC invocations=54 (full 18):
 PSYoungGen      total 245248K, used 1711K [0x00000000eab00000, 0x00000000fb480000, 0x0000000100000000)
  eden space 219648K, 0% used [0x00000000eab00000,0x00000000eab00000,0x00000000f8180000)
  from space 25600K, 6% used [0x00000000f9b80000,0x00000000f9d2bc60,0x00000000fb480000)
  to   space 26112K, 0% used [0x00000000f8180000,0x00000000f8180000,0x00000000f9b00000)
 ParOldGen       total 105984K, used 45150K [0x00000000c0000000, 0x00000000c6780000, 0x00000000eab00000)
  object space 105984K, 42% used [0x00000000c0000000,0x00000000c2c17848,0x00000000c6780000)
 Metaspace       used 56362K, capacity 60200K, committed 61440K, reserved 1101824K
  class space    used 7375K, capacity 8661K, committed 8960K, reserved 1048576K
Event: 10628.961 GC heap after
Heap after GC invocations=54 (full 18):
 PSYoungGen      total 245248K, used 0K [0x00000000eab00000, 0x00000000fb480000, 0x0000000100000000)
  eden space 219648K, 0% used [0x00000000eab00000,0x00000000eab00000,0x00000000f8180000)
  from space 25600K, 0% used [0x00000000f9b80000,0x00000000f9b80000,0x00000000fb480000)
  to   space 26112K, 0% used [0x00000000f8180000,0x00000000f8180000,0x00000000f9b00000)
 ParOldGen       total 105984K, used 46495K [0x00000000c0000000, 0x00000000c6780000, 0x00000000eab00000)
  object space 105984K, 43% used [0x00000000c0000000,0x00000000c2d67cb8,0x00000000c6780000)
 Metaspace       used 56362K, capacity 60200K, committed 61440K, reserved 1101824K
  class space    used 7375K, capacity 8661K, committed 8960K, reserved 1048576K
}
Event: 12732.707 GC heap before
{Heap before GC invocations=55 (full 18):
 PSYoungGen      total 245248K, used 162320K [0x00000000eab00000, 0x00000000fb480000, 0x0000000100000000)
  eden space 219648K, 73% used [0x00000000eab00000,0x00000000f4984200,0x00000000f8180000)
  from space 25600K, 0% used [0x00000000f9b80000,0x00000000f9b80000,0x00000000fb480000)
  to   space 26112K, 0% used [0x00000000f8180000,0x00000000f8180000,0x00000000f9b00000)
 ParOldGen       total 105984K, used 46495K [0x00000000c0000000, 0x00000000c6780000, 0x00000000eab00000)
  object space 105984K, 43% used [0x00000000c0000000,0x00000000c2d67cb8,0x00000000c6780000)
 Metaspace       used 56731K, capacity 61162K, committed 61824K, reserved 1101824K
  class space    used 7443K, capacity 8803K, committed 9088K, reserved 1048576K
Event: 12732.718 GC heap after
Heap after GC invocations=55 (full 18):
 PSYoungGen      total 222208K, used 2111K [0x00000000eab00000, 0x00000000fb380000, 0x0000000100000000)
  eden space 219648K, 0% used [0x00000000eab00000,0x00000000eab00000,0x00000000f8180000)
  from space 2560K, 82% used [0x00000000f8180000,0x00000000f838fc50,0x00000000f8400000)
  to   space 25600K, 0% used [0x00000000f9a80000,0x00000000f9a80000,0x00000000fb380000)
 ParOldGen       total 105984K, used 46503K [0x00000000c0000000, 0x00000000c6780000, 0x00000000eab00000)
  object space 105984K, 43% used [0x00000000c0000000,0x00000000c2d69cb8,0x00000000c6780000)
 Metaspace       used 56731K, capacity 61162K, committed 61824K, reserved 1101824K
  class space    used 7443K, capacity 8803K, committed 9088K, reserved 1048576K
}
Event: 12732.718 GC heap before
{Heap before GC invocations=56 (full 19):
 PSYoungGen      total 222208K, used 2111K [0x00000000eab00000, 0x00000000fb380000, 0x0000000100000000)
  eden space 219648K, 0% used [0x00000000eab00000,0x00000000eab00000,0x00000000f8180000)
  from space 2560K, 82% used [0x00000000f8180000,0x00000000f838fc50,0x00000000f8400000)
  to   space 25600K, 0% used [0x00000000f9a80000,0x00000000f9a80000,0x00000000fb380000)
 ParOldGen       total 105984K, used 46503K [0x00000000c0000000, 0x00000000c6780000, 0x00000000eab00000)
  object space 105984K, 43% used [0x00000000c0000000,0x00000000c2d69cb8,0x00000000c6780000)
 Metaspace       used 56731K, capacity 61162K, committed 61824K, reserved 1101824K
  class space    used 7443K, capacity 8803K, committed 9088K, reserved 1048576K
Event: 12733.070 GC heap after
Heap after GC invocations=56 (full 19):
 PSYoungGen      total 222208K, used 0K [0x00000000eab00000, 0x00000000fb380000, 0x0000000100000000)
  eden space 219648K, 0% used [0x00000000eab00000,0x00000000eab00000,0x00000000f8180000)
  from space 2560K, 0% used [0x00000000f8180000,0x00000000f8180000,0x00000000f8400000)
  to   space 25600K, 0% used [0x00000000f9a80000,0x00000000f9a80000,0x00000000fb380000)
 ParOldGen       total 105984K, used 30048K [0x00000000c0000000, 0x00000000c6780000, 0x00000000eab00000)
  object space 105984K, 28% used [0x00000000c0000000,0x00000000c1d58118,0x00000000c6780000)
 Metaspace       used 55357K, capacity 58056K, committed 61824K, reserved 1101824K
  class space    used 6979K, capacity 7836K, committed 9088K, reserved 1048576K
}

